reports/io-insert-koin/4-2-0-to-4-2-1/run-24857480526/phase1/before/shared/build/outputs/logs/manifest-merger-release-report.txt
-- Merging decision tree log ---
manifest
ADDED from ProcessLibraryManifest/debug/tempAndroidManifest16887964383917743852.xml:2:13-83
INJECTED from ProcessLibraryManifest/debug/tempAndroidManifest16887964383917743852.xml:2:13-83
	package
		INJECTED from ProcessLibraryManifest/debug/tempAndroidManifest16887964383917743852.xml
	xmlns:android
		ADDED from ProcessLibraryManifest/debug/tempAndroidManifest16887964383917743852.xml:2:23-81
uses-sdk
INJECTED from ProcessLibraryManifest/debug/tempAndroidManifest16887964383917743852.xml reason: use-sdk injection requested
INJECTED from ProcessLibraryManifest/debug/tempAndroidManifest16887964383917743852.xml
INJECTED from ProcessLibraryManifest/debug/tempAndroidManifest16887964383917743852.xml
	android:targetSdkVersion
		INJECTED from ProcessLibraryManifest/debug/tempAndroidManifest16887964383917743852.xml
	android:minSdkVersion
		INJECTED from ProcessLibraryManifest/debug/tempAndroidManifest16887964383917743852.xml